Start testing: Jan 25 19:25 UTC
----------------------------------------------------------
1/3 Testing: Scenario: Evaluate Code for Task 1
1/3 Test: Scenario: Evaluate Code for Task 1
Command: "/workspaces/lab01-danielteberian/tests" "Scenario: Evaluate Code for Task 1"
Directory: /workspaces/lab01-danielteberian
"Scenario: Evaluate Code for Task 1" start time: Jan 25 19:25 UTC
Output:
----------------------------------------------------------
Filters: "Scenario: Evaluate Code for Task 1"
Randomness seeded to: 374179980
===============================================================================
All tests passed (4 assertions in 1 test case)

<end of output>
Test time =   0.00 sec
----------------------------------------------------------
Test Passed.
"Scenario: Evaluate Code for Task 1" end time: Jan 25 19:25 UTC
"Scenario: Evaluate Code for Task 1" time elapsed: 00:00:00
----------------------------------------------------------

2/3 Testing: Scenario: Evaluate Code for Task 2
2/3 Test: Scenario: Evaluate Code for Task 2
Command: "/workspaces/lab01-danielteberian/tests" "Scenario: Evaluate Code for Task 2"
Directory: /workspaces/lab01-danielteberian
"Scenario: Evaluate Code for Task 2" start time: Jan 25 19:25 UTC
Output:
----------------------------------------------------------
Filters: "Scenario: Evaluate Code for Task 2"
Randomness seeded to: 1720044440
===============================================================================
All tests passed (2 assertions in 1 test case)

<end of output>
Test time =   0.00 sec
----------------------------------------------------------
Test Passed.
"Scenario: Evaluate Code for Task 2" end time: Jan 25 19:25 UTC
"Scenario: Evaluate Code for Task 2" time elapsed: 00:00:00
----------------------------------------------------------

3/3 Testing: Scenario: Evaluate Code for Task 3
3/3 Test: Scenario: Evaluate Code for Task 3
Command: "/workspaces/lab01-danielteberian/tests" "Scenario: Evaluate Code for Task 3"
Directory: /workspaces/lab01-danielteberian
"Scenario: Evaluate Code for Task 3" start time: Jan 25 19:25 UTC
Output:
----------------------------------------------------------
Filters: "Scenario: Evaluate Code for Task 3"
Randomness seeded to: 85209988
===============================================================================
All tests passed (2 assertions in 1 test case)

<end of output>
Test time =   0.00 sec
----------------------------------------------------------
Test Passed.
"Scenario: Evaluate Code for Task 3" end time: Jan 25 19:25 UTC
"Scenario: Evaluate Code for Task 3" time elapsed: 00:00:00
----------------------------------------------------------

End testing: Jan 25 19:25 UTC
